<?xml version="1.0" encoding="UTF-8"?>
<coverage generated="1730074206464" clover="3.2.0">
  <project timestamp="1730074206464" name="All files">
    <metrics statements="60" coveredstatements="59" conditionals="19" coveredconditionals="16" methods="20" coveredmethods="20" elements="99" coveredelements="95" complexity="0" loc="60" ncloc="60" packages="2" files="7" classes="7"/>
    <package name="src">
      <metrics statements="21" coveredstatements="21" conditionals="2" coveredconditionals="2" methods="7" coveredmethods="7"/>
      <file name="App.jsx" path="/Users/alfredosalazar/Desktop/meet/src/App.jsx">
        <metrics statements="14" coveredstatements="14" conditionals="2" coveredconditionals="2" methods="4" coveredmethods="4"/>
        <line num="10" count="3" type="stmt"/>
        <line num="11" count="11" type="stmt"/>
        <line num="12" count="10" type="stmt"/>
        <line num="13" count="10" type="stmt"/>
        <line num="14" count="10" type="stmt"/>
        <line num="16" count="10" type="stmt"/>
        <line num="17" count="6" type="stmt"/>
        <line num="20" count="10" type="stmt"/>
        <line num="21" count="6" type="stmt"/>
        <line num="22" count="6" type="cond" truecount="2" falsecount="0"/>
        <line num="24" count="35" type="stmt"/>
        <line num="25" count="6" type="stmt"/>
        <line num="26" count="6" type="stmt"/>
        <line num="29" count="10" type="stmt"/>
      </file>
      <file name="api.js" path="/Users/alfredosalazar/Desktop/meet/src/api.js">
        <metrics statements="6" coveredstatements="6" conditionals="0" coveredconditionals="0" methods="3" coveredmethods="3"/>
        <line num="13" count="3" type="stmt"/>
        <line num="14" count="315" type="stmt"/>
        <line num="15" count="9" type="stmt"/>
        <line num="16" count="9" type="stmt"/>
        <line num="23" count="3" type="stmt"/>
        <line num="24" count="11" type="stmt"/>
      </file>
      <file name="mock-data.js" path="/Users/alfredosalazar/Desktop/meet/src/mock-data.js">
        <metrics statements="1" coveredstatements="1" conditionals="0" coveredconditionals="0" methods="0" coveredmethods="0"/>
        <line num="1" count="4" type="stmt"/>
      </file>
    </package>
    <package name="src.components">
      <metrics statements="39" coveredstatements="38" conditionals="17" coveredconditionals="14" methods="13" coveredmethods="13"/>
      <file name="CitySearch.jsx" path="/Users/alfredosalazar/Desktop/meet/src/components/CitySearch.jsx">
        <metrics statements="20" coveredstatements="20" conditionals="4" coveredconditionals="3" methods="7" coveredmethods="7"/>
        <line num="4" count="3" type="stmt"/>
        <line num="5" count="56" type="stmt"/>
        <line num="6" count="56" type="stmt"/>
        <line num="7" count="56" type="stmt"/>
        <line num="9" count="56" type="stmt"/>
        <line num="10" count="15" type="stmt"/>
        <line num="13" count="56" type="stmt"/>
        <line num="14" count="18" type="stmt"/>
        <line num="15" count="18" type="cond" truecount="1" falsecount="1"/>
        <line num="16" count="36" type="stmt"/>
        <line num="19" count="18" type="stmt"/>
        <line num="20" count="18" type="stmt"/>
        <line num="23" count="56" type="stmt"/>
        <line num="24" count="2" type="stmt"/>
        <line num="25" count="2" type="stmt"/>
        <line num="26" count="2" type="stmt"/>
        <line num="27" count="2" type="stmt"/>
        <line num="30" count="56" type="stmt"/>
        <line num="37" count="5" type="stmt"/>
        <line num="43" count="26" type="stmt"/>
      </file>
      <file name="Event.jsx" path="/Users/alfredosalazar/Desktop/meet/src/components/Event.jsx">
        <metrics statements="4" coveredstatements="4" conditionals="4" coveredconditionals="4" methods="2" coveredmethods="2"/>
        <line num="6" count="4" type="stmt"/>
        <line num="7" count="190" type="stmt"/>
        <line num="8" count="190" type="stmt"/>
        <line num="21" count="3" type="stmt"/>
      </file>
      <file name="EventList.jsx" path="/Users/alfredosalazar/Desktop/meet/src/components/EventList.jsx">
        <metrics statements="3" coveredstatements="3" conditionals="3" coveredconditionals="2" methods="2" coveredmethods="2"/>
        <line num="4" count="3" type="cond" truecount="1" falsecount="0"/>
        <line num="5" count="13" type="stmt"/>
        <line num="7" count="180" type="cond" truecount="1" falsecount="1"/>
      </file>
      <file name="NumberOfEvents.jsx" path="/Users/alfredosalazar/Desktop/meet/src/components/NumberOfEvents.jsx">
        <metrics statements="12" coveredstatements="11" conditionals="6" coveredconditionals="5" methods="2" coveredmethods="2"/>
        <line num="3" count="4" type="stmt"/>
        <line num="4" count="17" type="stmt"/>
        <line num="6" count="17" type="stmt"/>
        <line num="7" count="4" type="stmt"/>
        <line num="8" count="4" type="stmt"/>
        <line num="9" count="4" type="cond" truecount="4" falsecount="0"/>
        <line num="10" count="1" type="stmt"/>
        <line num="11" count="3" type="cond" truecount="1" falsecount="1"/>
        <line num="12" count="0" type="stmt"/>
        <line num="14" count="3" type="stmt"/>
        <line num="15" count="3" type="stmt"/>
        <line num="19" count="17" type="stmt"/>
      </file>
    </package>
  </project>
</coverage>
