TN:
SF:src/App.jsx
FN:10,(anonymous_0)
FN:16,(anonymous_1)
FN:20,(anonymous_2)
FN:24,(anonymous_3)
FNF:4
FNH:4
FNDA:11,(anonymous_0)
FNDA:6,(anonymous_1)
FNDA:6,(anonymous_2)
FNDA:35,(anonymous_3)
DA:10,3
DA:11,11
DA:12,10
DA:13,10
DA:14,10
DA:16,10
DA:17,6
DA:20,10
DA:21,6
DA:22,6
DA:24,35
DA:25,6
DA:26,6
DA:29,10
LF:14
LH:14
BRDA:22,0,0,5
BRDA:22,0,1,1
BRF:2
BRH:2
end_of_record
TN:
SF:src/api.js
FN:13,(anonymous_0)
FN:14,(anonymous_1)
FN:23,(anonymous_2)
FNF:3
FNH:3
FNDA:9,(anonymous_0)
FNDA:315,(anonymous_1)
FNDA:11,(anonymous_2)
DA:13,3
DA:14,315
DA:15,9
DA:16,9
DA:23,3
DA:24,11
LF:6
LH:6
BRF:0
BRH:0
end_of_record
TN:
SF:src/mock-data.js
FNF:0
FNH:0
DA:1,4
LF:1
LH:1
BRF:0
BRH:0
end_of_record
TN:
SF:src/components/CitySearch.jsx
FN:4,(anonymous_0)
FN:9,(anonymous_1)
FN:13,(anonymous_2)
FN:15,(anonymous_3)
FN:23,(anonymous_4)
FN:37,(anonymous_5)
FN:42,(anonymous_6)
FNF:7
FNH:7
FNDA:56,(anonymous_0)
FNDA:15,(anonymous_1)
FNDA:18,(anonymous_2)
FNDA:36,(anonymous_3)
FNDA:2,(anonymous_4)
FNDA:5,(anonymous_5)
FNDA:26,(anonymous_6)
DA:4,3
DA:5,56
DA:6,56
DA:7,56
DA:9,56
DA:10,15
DA:13,56
DA:14,18
DA:15,18
DA:16,36
DA:19,18
DA:20,18
DA:23,56
DA:24,2
DA:25,2
DA:26,2
DA:27,2
DA:30,56
DA:37,5
DA:43,26
LF:20
LH:20
BRDA:15,0,0,18
BRDA:15,0,1,0
BRDA:40,1,0,24
BRDA:40,1,1,32
BRF:4
BRH:3
end_of_record
TN:
SF:src/components/Event.jsx
FN:6,(anonymous_0)
FN:21,(anonymous_1)
FNF:2
FNH:2
FNDA:190,(anonymous_0)
FNDA:3,(anonymous_1)
DA:6,4
DA:7,190
DA:8,190
DA:21,3
LF:4
LH:4
BRDA:15,0,0,2
BRDA:15,0,1,188
BRDA:23,1,0,2
BRDA:23,1,1,188
BRF:4
BRH:4
end_of_record
TN:
SF:src/components/EventList.jsx
FN:4,(anonymous_0)
FN:7,(anonymous_1)
FNF:2
FNH:2
FNDA:13,(anonymous_0)
FNDA:180,(anonymous_1)
DA:4,3
DA:5,13
DA:7,180
LF:3
LH:3
BRDA:4,0,0,2
BRDA:7,1,0,13
BRDA:7,1,1,0
BRF:3
BRH:2
end_of_record
TN:
SF:src/components/NumberOfEvents.jsx
FN:3,(anonymous_0)
FN:6,(anonymous_1)
FNF:2
FNH:2
FNDA:17,(anonymous_0)
FNDA:4,(anonymous_1)
DA:3,4
DA:4,17
DA:6,17
DA:7,4
DA:8,4
DA:9,4
DA:10,1
DA:11,3
DA:12,0
DA:14,3
DA:15,3
DA:19,17
LF:12
LH:11
BRDA:9,0,0,1
BRDA:9,0,1,3
BRDA:9,1,0,4
BRDA:9,1,1,4
BRDA:11,2,0,0
BRDA:11,2,1,3
BRF:6
BRH:5
end_of_record
