TN:
SF:src/App.jsx
FN:8,(anonymous_0)
FN:15,(anonymous_1)
FN:19,(anonymous_2)
FN:22,(anonymous_3)
FNF:4
FNH:3
FNDA:3,(anonymous_0)
FNDA:2,(anonymous_1)
FNDA:2,(anonymous_2)
FNDA:0,(anonymous_3)
DA:8,1
DA:9,3
DA:10,2
DA:11,2
DA:12,2
DA:13,2
DA:15,2
DA:16,2
DA:19,2
DA:20,2
DA:21,2
DA:22,0
DA:23,2
DA:24,2
DA:27,2
LF:15
LH:14
BRDA:21,0,0,2
BRDA:21,0,1,0
BRF:2
BRH:1
end_of_record
TN:
SF:src/api.js
FN:13,(anonymous_0)
FN:14,(anonymous_1)
FN:23,(anonymous_2)
FNF:3
FNH:3
FNDA:4,(anonymous_0)
FNDA:140,(anonymous_1)
FNDA:5,(anonymous_2)
DA:13,3
DA:14,140
DA:15,4
DA:16,4
DA:23,3
DA:24,5
LF:6
LH:6
BRF:0
BRH:0
end_of_record
TN:
SF:src/mock-data.js
FNF:0
FNH:0
DA:1,4
LF:1
LH:1
BRF:0
BRH:0
end_of_record
TN:
SF:src/components/CitySearch.jsx
FN:4,(anonymous_0)
FN:9,(anonymous_1)
FN:11,(anonymous_2)
FN:19,(anonymous_3)
FN:32,(anonymous_4)
FN:37,(anonymous_5)
FNF:6
FNH:6
FNDA:25,(anonymous_0)
FNDA:12,(anonymous_1)
FNDA:24,(anonymous_2)
FNDA:1,(anonymous_3)
FNDA:3,(anonymous_4)
FNDA:12,(anonymous_5)
DA:4,2
DA:5,25
DA:6,25
DA:7,25
DA:9,25
DA:10,12
DA:11,12
DA:12,24
DA:15,12
DA:16,12
DA:19,25
DA:20,1
DA:21,1
DA:22,1
DA:25,25
DA:32,3
DA:38,12
LF:17
LH:17
BRDA:11,0,0,12
BRDA:11,0,1,0
BRDA:35,1,0,15
BRDA:35,1,1,10
BRF:4
BRH:3
end_of_record
TN:
SF:src/components/Event.jsx
FN:6,(anonymous_0)
FN:21,(anonymous_1)
FNF:2
FNH:2
FNDA:45,(anonymous_0)
FNDA:3,(anonymous_1)
DA:6,3
DA:7,45
DA:8,45
DA:21,3
LF:4
LH:4
BRDA:15,0,0,2
BRDA:15,0,1,43
BRDA:23,1,0,2
BRDA:23,1,1,43
BRF:4
BRH:4
end_of_record
TN:
SF:src/components/EventList.jsx
FN:4,(anonymous_0)
FN:7,(anonymous_1)
FNF:2
FNH:2
FNDA:5,(anonymous_0)
FNDA:35,(anonymous_1)
DA:4,2
DA:5,5
DA:7,35
LF:3
LH:3
BRDA:4,0,0,2
BRDA:7,1,0,5
BRDA:7,1,1,0
BRF:3
BRH:2
end_of_record
TN:
SF:src/components/NumberOfEvents.jsx
FN:3,(anonymous_0)
FN:6,(anonymous_1)
FNF:2
FNH:2
FNDA:9,(anonymous_0)
FNDA:4,(anonymous_1)
DA:3,2
DA:4,9
DA:6,9
DA:7,4
DA:8,4
DA:9,4
DA:10,1
DA:11,3
DA:12,0
DA:14,3
DA:15,3
DA:19,9
LF:12
LH:11
BRDA:9,0,0,1
BRDA:9,0,1,3
BRDA:9,1,0,4
BRDA:9,1,1,4
BRDA:11,2,0,0
BRDA:11,2,1,3
BRF:6
BRH:5
end_of_record
